<?xml version="1.0" encoding="UTF-8"?>
<testsuite xmlns:xsi="http://www.w3.org/2001/XMLSchema-instance" xsi:noNamespaceSchemaLocation="https://maven.apache.org/surefire/maven-surefire-plugin/xsd/surefire-test-report.xsd" name="TestSuite" time="8.819" tests="3" errors="0" skipped="0" failures="0">
  <properties>
    <property name="sun.desktop" value="windows"/>
    <property name="awt.toolkit" value="sun.awt.windows.WToolkit"/>
    <property name="file.encoding.pkg" value="sun.io"/>
    <property name="java.specification.version" value="1.8"/>
    <property name="sun.cpu.isalist" value="amd64"/>
    <property name="sun.jnu.encoding" value="Cp1252"/>
    <property name="java.class.path" value="C:\Users\Medrano\IdeaProjects\QAEngineerRESTAPISUT\target\test-classes;C:\Users\Medrano\IdeaProjects\QAEngineerRESTAPISUT\target\classes;C:\Users\Medrano\.m2\repository\org\apache\tapestry\tapestry-core\5.4.3\tapestry-core-5.4.3.jar;C:\Users\Medrano\.m2\repository\org\apache\tapestry\tapestry-ioc\5.4.3\tapestry-ioc-5.4.3.jar;C:\Users\Medrano\.m2\repository\org\apache\tapestry\tapestry-func\5.4.3\tapestry-func-5.4.3.jar;C:\Users\Medrano\.m2\repository\org\apache\tapestry\tapestry5-annotations\5.4.3\tapestry5-annotations-5.4.3.jar;C:\Users\Medrano\.m2\repository\org\apache\tapestry\plastic\5.4.3\plastic-5.4.3.jar;C:\Users\Medrano\.m2\repository\javax\inject\javax.inject\1\javax.inject-1.jar;C:\Users\Medrano\.m2\repository\org\apache\tapestry\tapestry-json\5.4.3\tapestry-json-5.4.3.jar;C:\Users\Medrano\.m2\repository\org\apache\tapestry\beanmodel\5.4.3\beanmodel-5.4.3.jar;C:\Users\Medrano\.m2\repository\org\apache\tapestry\commons\5.4.3\commons-5.4.3.jar;C:\Users\Medrano\.m2\repository\org\antlr\antlr-runtime\3.5.2\antlr-runtime-3.5.2.jar;C:\Users\Medrano\.m2\repository\commons-codec\commons-codec\1.10\commons-codec-1.10.jar;C:\Users\Medrano\.m2\repository\org\slf4j\slf4j-log4j12\1.7.19\slf4j-log4j12-1.7.19.jar;C:\Users\Medrano\.m2\repository\org\slf4j\slf4j-api\1.7.19\slf4j-api-1.7.19.jar;C:\Users\Medrano\.m2\repository\log4j\log4j\1.2.17\log4j-1.2.17.jar;C:\Users\Medrano\.m2\repository\io\rest-assured\rest-assured\3.0.6\rest-assured-3.0.6.jar;C:\Users\Medrano\.m2\repository\org\codehaus\groovy\groovy\2.4.12\groovy-2.4.12.jar;C:\Users\Medrano\.m2\repository\org\codehaus\groovy\groovy-xml\2.4.12\groovy-xml-2.4.12.jar;C:\Users\Medrano\.m2\repository\org\apache\httpcomponents\httpclient\4.5.3\httpclient-4.5.3.jar;C:\Users\Medrano\.m2\repository\org\apache\httpcomponents\httpcore\4.4.6\httpcore-4.4.6.jar;C:\Users\Medrano\.m2\repository\commons-logging\commons-logging\1.2\commons-logging-1.2.jar;C:\Users\Medrano\.m2\repository\org\apache\httpcomponents\httpmime\4.5.1\httpmime-4.5.1.jar;C:\Users\Medrano\.m2\repository\org\hamcrest\hamcrest-core\1.3\hamcrest-core-1.3.jar;C:\Users\Medrano\.m2\repository\org\hamcrest\hamcrest-library\1.3\hamcrest-library-1.3.jar;C:\Users\Medrano\.m2\repository\org\ccil\cowan\tagsoup\tagsoup\1.2.1\tagsoup-1.2.1.jar;C:\Users\Medrano\.m2\repository\io\rest-assured\xml-path\3.0.6\xml-path-3.0.6.jar;C:\Users\Medrano\.m2\repository\org\apache\commons\commons-lang3\3.4\commons-lang3-3.4.jar;C:\Users\Medrano\.m2\repository\io\rest-assured\json-path\3.0.6\json-path-3.0.6.jar;C:\Users\Medrano\.m2\repository\org\codehaus\groovy\groovy-json\2.4.12\groovy-json-2.4.12.jar;C:\Users\Medrano\.m2\repository\io\rest-assured\rest-assured-common\3.0.6\rest-assured-common-3.0.6.jar;C:\Users\Medrano\.m2\repository\org\apache\tapestry\tapestry-webresources\5.4.3\tapestry-webresources-5.4.3.jar;C:\Users\Medrano\.m2\repository\com\github\sommeri\less4j\1.12.0\less4j-1.12.0.jar;C:\Users\Medrano\.m2\repository\commons-io\commons-io\2.3\commons-io-2.3.jar;C:\Users\Medrano\.m2\repository\commons-beanutils\commons-beanutils\1.8.3\commons-beanutils-1.8.3.jar;C:\Users\Medrano\.m2\repository\org\json\json\20090211\json-20090211.jar;C:\Users\Medrano\.m2\repository\com\google\protobuf\protobuf-java\2.5.0\protobuf-java-2.5.0.jar;C:\Users\Medrano\.m2\repository\com\google\javascript\closure-compiler\v20131014\closure-compiler-v20131014.jar;C:\Users\Medrano\.m2\repository\args4j\args4j\2.0.16\args4j-2.0.16.jar;C:\Users\Medrano\.m2\repository\com\google\guava\guava\15.0\guava-15.0.jar;C:\Users\Medrano\.m2\repository\com\google\code\findbugs\jsr305\1.3.9\jsr305-1.3.9.jar;C:\Users\Medrano\.m2\repository\org\mozilla\rhino\1.7.7.1\rhino-1.7.7.1.jar;C:\Users\Medrano\.m2\repository\javax\xml\bind\jaxb-api\2.2.8\jaxb-api-2.2.8.jar;C:\Users\Medrano\.m2\repository\org\testng\testng\6.13.1\testng-6.13.1.jar;C:\Users\Medrano\.m2\repository\com\beust\jcommander\1.72\jcommander-1.72.jar;C:\Users\Medrano\.m2\repository\org\apache\tapestry\tapestry-test\5.4.3\tapestry-test-5.4.3.jar;C:\Users\Medrano\.m2\repository\org\apache\tapestry\tapestry-test-data\5.4.3\tapestry-test-data-5.4.3.jar;C:\Users\Medrano\.m2\repository\org\apache\tapestry\tapestry-runner\5.4.3\tapestry-runner-5.4.3.jar;C:\Users\Medrano\.m2\repository\org\apache\tapestry\tapestry-test-constants\5.4.3\tapestry-test-constants-5.4.3.jar;C:\Users\Medrano\.m2\repository\org\eclipse\jetty\jetty-server\7.6.11.v20130520\jetty-server-7.6.11.v20130520.jar;C:\Users\Medrano\.m2\repository\org\eclipse\jetty\orbit\javax.servlet\2.5.0.v201103041518\javax.servlet-2.5.0.v201103041518.jar;C:\Users\Medrano\.m2\repository\org\eclipse\jetty\jetty-continuation\7.6.11.v20130520\jetty-continuation-7.6.11.v20130520.jar;C:\Users\Medrano\.m2\repository\org\eclipse\jetty\jetty-http\7.6.11.v20130520\jetty-http-7.6.11.v20130520.jar;C:\Users\Medrano\.m2\repository\org\eclipse\jetty\jetty-io\7.6.11.v20130520\jetty-io-7.6.11.v20130520.jar;C:\Users\Medrano\.m2\repository\org\eclipse\jetty\jetty-jndi\7.6.11.v20130520\jetty-jndi-7.6.11.v20130520.jar;C:\Users\Medrano\.m2\repository\org\eclipse\jetty\orbit\javax.mail.glassfish\1.4.1.v201005082020\javax.mail.glassfish-1.4.1.v201005082020.jar;C:\Users\Medrano\.m2\repository\org\eclipse\jetty\orbit\javax.activation\1.1.0.v201105071233\javax.activation-1.1.0.v201105071233.jar;C:\Users\Medrano\.m2\repository\org\eclipse\jetty\jetty-plus\7.6.11.v20130520\jetty-plus-7.6.11.v20130520.jar;C:\Users\Medrano\.m2\repository\org\eclipse\jetty\orbit\javax.transaction\1.1.1.v201105210645\javax.transaction-1.1.1.v201105210645.jar;C:\Users\Medrano\.m2\repository\org\eclipse\jetty\jetty-webapp\7.6.11.v20130520\jetty-webapp-7.6.11.v20130520.jar;C:\Users\Medrano\.m2\repository\org\eclipse\jetty\jetty-xml\7.6.11.v20130520\jetty-xml-7.6.11.v20130520.jar;C:\Users\Medrano\.m2\repository\org\eclipse\jetty\jetty-util\7.6.11.v20130520\jetty-util-7.6.11.v20130520.jar;C:\Users\Medrano\.m2\repository\org\eclipse\jetty\jetty-servlet\7.6.11.v20130520\jetty-servlet-7.6.11.v20130520.jar;C:\Users\Medrano\.m2\repository\org\eclipse\jetty\jetty-security\7.6.11.v20130520\jetty-security-7.6.11.v20130520.jar;C:\Users\Medrano\.m2\repository\org\apache\tomcat\catalina\6.0.30\catalina-6.0.30.jar;C:\Users\Medrano\.m2\repository\org\apache\tomcat\servlet-api\6.0.30\servlet-api-6.0.30.jar;C:\Users\Medrano\.m2\repository\org\apache\tomcat\juli\6.0.30\juli-6.0.30.jar;C:\Users\Medrano\.m2\repository\org\apache\tomcat\annotations-api\6.0.30\annotations-api-6.0.30.jar;C:\Users\Medrano\.m2\repository\org\apache\tomcat\coyote\6.0.30\coyote-6.0.30.jar;C:\Users\Medrano\.m2\repository\org\apache\tomcat\dbcp\6.0.30\dbcp-6.0.30.jar;C:\Users\Medrano\.m2\repository\commons-cli\commons-cli\1.2\commons-cli-1.2.jar;C:\Users\Medrano\.m2\repository\org\seleniumhq\selenium\selenium-java\2.46.0\selenium-java-2.46.0.jar;C:\Users\Medrano\.m2\repository\org\seleniumhq\selenium\selenium-chrome-driver\2.46.0\selenium-chrome-driver-2.46.0.jar;C:\Users\Medrano\.m2\repository\org\seleniumhq\selenium\selenium-remote-driver\2.46.0\selenium-remote-driver-2.46.0.jar;C:\Users\Medrano\.m2\repository\cglib\cglib-nodep\2.1_3\cglib-nodep-2.1_3.jar;C:\Users\Medrano\.m2\repository\com\google\code\gson\gson\2.3.1\gson-2.3.1.jar;C:\Users\Medrano\.m2\repository\org\seleniumhq\selenium\selenium-api\2.46.0\selenium-api-2.46.0.jar;C:\Users\Medrano\.m2\repository\org\seleniumhq\selenium\selenium-htmlunit-driver\2.46.0\selenium-htmlunit-driver-2.46.0.jar;C:\Users\Medrano\.m2\repository\net\sourceforge\htmlunit\htmlunit\2.17\htmlunit-2.17.jar;C:\Users\Medrano\.m2\repository\xalan\xalan\2.7.2\xalan-2.7.2.jar;C:\Users\Medrano\.m2\repository\xalan\serializer\2.7.2\serializer-2.7.2.jar;C:\Users\Medrano\.m2\repository\commons-collections\commons-collections\3.2.1\commons-collections-3.2.1.jar;C:\Users\Medrano\.m2\repository\net\sourceforge\htmlunit\htmlunit-core-js\2.17\htmlunit-core-js-2.17.jar;C:\Users\Medrano\.m2\repository\xerces\xercesImpl\2.11.0\xercesImpl-2.11.0.jar;C:\Users\Medrano\.m2\repository\xml-apis\xml-apis\1.4.01\xml-apis-1.4.01.jar;C:\Users\Medrano\.m2\repository\net\sourceforge\nekohtml\nekohtml\1.9.22\nekohtml-1.9.22.jar;C:\Users\Medrano\.m2\repository\net\sourceforge\cssparser\cssparser\0.9.16\cssparser-0.9.16.jar;C:\Users\Medrano\.m2\repository\org\w3c\css\sac\1.3\sac-1.3.jar;C:\Users\Medrano\.m2\repository\org\eclipse\jetty\websocket\websocket-client\9.2.11.v20150529\websocket-client-9.2.11.v20150529.jar;C:\Users\Medrano\.m2\repository\org\eclipse\jetty\websocket\websocket-common\9.2.11.v20150529\websocket-common-9.2.11.v20150529.jar;C:\Users\Medrano\.m2\repository\org\eclipse\jetty\websocket\websocket-api\9.2.11.v20150529\websocket-api-9.2.11.v20150529.jar;C:\Users\Medrano\.m2\repository\org\seleniumhq\selenium\selenium-firefox-driver\2.46.0\selenium-firefox-driver-2.46.0.jar;C:\Users\Medrano\.m2\repository\org\apache\commons\commons-exec\1.3\commons-exec-1.3.jar;C:\Users\Medrano\.m2\repository\org\seleniumhq\selenium\selenium-ie-driver\2.46.0\selenium-ie-driver-2.46.0.jar;C:\Users\Medrano\.m2\repository\net\java\dev\jna\jna\4.1.0\jna-4.1.0.jar;C:\Users\Medrano\.m2\repository\net\java\dev\jna\jna-platform\4.1.0\jna-platform-4.1.0.jar;C:\Users\Medrano\.m2\repository\org\seleniumhq\selenium\selenium-safari-driver\2.46.0\selenium-safari-driver-2.46.0.jar;C:\Users\Medrano\.m2\repository\org\seleniumhq\selenium\selenium-support\2.46.0\selenium-support-2.46.0.jar;C:\Users\Medrano\.m2\repository\org\webbitserver\webbit\0.4.14\webbit-0.4.14.jar;C:\Users\Medrano\.m2\repository\io\netty\netty\3.5.2.Final\netty-3.5.2.Final.jar;C:\Users\Medrano\.m2\repository\org\seleniumhq\selenium\selenium-leg-rc\2.46.0\selenium-leg-rc-2.46.0.jar;C:\Users\Medrano\.m2\repository\org\seleniumhq\selenium\selenium-server\2.46.0\selenium-server-2.46.0.jar;C:\Users\Medrano\.m2\repository\org\bouncycastle\bcprov-jdk15on\1.48\bcprov-jdk15on-1.48.jar;C:\Users\Medrano\.m2\repository\org\bouncycastle\bcpkix-jdk15on\1.48\bcpkix-jdk15on-1.48.jar;C:\Users\Medrano\.m2\repository\mx4j\mx4j-tools\3.0.1\mx4j-tools-3.0.1.jar;C:\Users\Medrano\.m2\repository\org\mortbay\jetty\servlet-api-2.5\6.1.9\servlet-api-2.5-6.1.9.jar;C:\Users\Medrano\.m2\repository\org\seleniumhq\selenium\jetty-repacked\7.6.1\jetty-repacked-7.6.1.jar;C:\Users\Medrano\.m2\repository\org\seleniumhq\selenium\jetty-rc-repacked\5\jetty-rc-repacked-5.jar;C:\Users\Medrano\.m2\repository\net\jcip\jcip-annotations\1.0\jcip-annotations-1.0.jar;C:\Users\Medrano\.m2\repository\org\yaml\snakeyaml\1.8\snakeyaml-1.8.jar;C:\Users\Medrano\.m2\repository\org\easymock\easymock\3.3.1\easymock-3.3.1.jar;C:\Users\Medrano\.m2\repository\cglib\cglib\3.1\cglib-3.1.jar;C:\Users\Medrano\.m2\repository\org\ow2\asm\asm\5.0.3\asm-5.0.3.jar;C:\Users\Medrano\.m2\repository\org\objenesis\objenesis\2.1\objenesis-2.1.jar;C:\Users\Medrano\.m2\repository\javax\servlet\servlet-api\2.5\servlet-api-2.5.jar;C:\Users\Medrano\.m2\repository\org\apache\tapestry\tapestry-javadoc\5.4.3\tapestry-javadoc-5.4.3.jar;C:\Users\Medrano\.m2\repository\commons-lang\commons-lang\2.6\commons-lang-2.6.jar;C:\Users\Medrano\.m2\repository\org\apache\maven\surefire\surefire-testng-utils\2.20.1\surefire-testng-utils-2.20.1.jar;C:\Users\Medrano\.m2\repository\org\apache\maven\surefire\surefire-grouper\2.20.1\surefire-grouper-2.20.1.jar;"/>
    <property name="java.vm.vendor" value="Oracle Corporation"/>
    <property name="sun.arch.data.model" value="64"/>
    <property name="user.variant" value=""/>
    <property name="java.vendor.url" value="http://java.oracle.com/"/>
    <property name="user.timezone" value=""/>
    <property name="java.vm.specification.version" value="1.8"/>
    <property name="os.name" value="Windows 8.1"/>
    <property name="user.country" value="US"/>
    <property name="sun.java.launcher" value="SUN_STANDARD"/>
    <property name="sun.boot.library.path" value="C:\Program Files\Java\jdk1.8.0_101\jre\bin"/>
    <property name="sun.java.command" value="C:\Users\Medrano\AppData\Local\Temp\surefire6714595807962715201\surefirebooter4267655524431166378.jar C:\Users\Medrano\AppData\Local\Temp\surefire6714595807962715201 2018-01-09T00-44-41_713-jvmRun1 surefire1291235704137378569tmp surefire_05716731584941369258tmp"/>
    <property name="surefire.test.class.path" value="C:\Users\Medrano\IdeaProjects\QAEngineerRESTAPISUT\target\test-classes;C:\Users\Medrano\IdeaProjects\QAEngineerRESTAPISUT\target\classes;C:\Users\Medrano\.m2\repository\org\apache\tapestry\tapestry-core\5.4.3\tapestry-core-5.4.3.jar;C:\Users\Medrano\.m2\repository\org\apache\tapestry\tapestry-ioc\5.4.3\tapestry-ioc-5.4.3.jar;C:\Users\Medrano\.m2\repository\org\apache\tapestry\tapestry-func\5.4.3\tapestry-func-5.4.3.jar;C:\Users\Medrano\.m2\repository\org\apache\tapestry\tapestry5-annotations\5.4.3\tapestry5-annotations-5.4.3.jar;C:\Users\Medrano\.m2\repository\org\apache\tapestry\plastic\5.4.3\plastic-5.4.3.jar;C:\Users\Medrano\.m2\repository\javax\inject\javax.inject\1\javax.inject-1.jar;C:\Users\Medrano\.m2\repository\org\apache\tapestry\tapestry-json\5.4.3\tapestry-json-5.4.3.jar;C:\Users\Medrano\.m2\repository\org\apache\tapestry\beanmodel\5.4.3\beanmodel-5.4.3.jar;C:\Users\Medrano\.m2\repository\org\apache\tapestry\commons\5.4.3\commons-5.4.3.jar;C:\Users\Medrano\.m2\repository\org\antlr\antlr-runtime\3.5.2\antlr-runtime-3.5.2.jar;C:\Users\Medrano\.m2\repository\commons-codec\commons-codec\1.10\commons-codec-1.10.jar;C:\Users\Medrano\.m2\repository\org\slf4j\slf4j-log4j12\1.7.19\slf4j-log4j12-1.7.19.jar;C:\Users\Medrano\.m2\repository\org\slf4j\slf4j-api\1.7.19\slf4j-api-1.7.19.jar;C:\Users\Medrano\.m2\repository\log4j\log4j\1.2.17\log4j-1.2.17.jar;C:\Users\Medrano\.m2\repository\io\rest-assured\rest-assured\3.0.6\rest-assured-3.0.6.jar;C:\Users\Medrano\.m2\repository\org\codehaus\groovy\groovy\2.4.12\groovy-2.4.12.jar;C:\Users\Medrano\.m2\repository\org\codehaus\groovy\groovy-xml\2.4.12\groovy-xml-2.4.12.jar;C:\Users\Medrano\.m2\repository\org\apache\httpcomponents\httpclient\4.5.3\httpclient-4.5.3.jar;C:\Users\Medrano\.m2\repository\org\apache\httpcomponents\httpcore\4.4.6\httpcore-4.4.6.jar;C:\Users\Medrano\.m2\repository\commons-logging\commons-logging\1.2\commons-logging-1.2.jar;C:\Users\Medrano\.m2\repository\org\apache\httpcomponents\httpmime\4.5.1\httpmime-4.5.1.jar;C:\Users\Medrano\.m2\repository\org\hamcrest\hamcrest-core\1.3\hamcrest-core-1.3.jar;C:\Users\Medrano\.m2\repository\org\hamcrest\hamcrest-library\1.3\hamcrest-library-1.3.jar;C:\Users\Medrano\.m2\repository\org\ccil\cowan\tagsoup\tagsoup\1.2.1\tagsoup-1.2.1.jar;C:\Users\Medrano\.m2\repository\io\rest-assured\xml-path\3.0.6\xml-path-3.0.6.jar;C:\Users\Medrano\.m2\repository\org\apache\commons\commons-lang3\3.4\commons-lang3-3.4.jar;C:\Users\Medrano\.m2\repository\io\rest-assured\json-path\3.0.6\json-path-3.0.6.jar;C:\Users\Medrano\.m2\repository\org\codehaus\groovy\groovy-json\2.4.12\groovy-json-2.4.12.jar;C:\Users\Medrano\.m2\repository\io\rest-assured\rest-assured-common\3.0.6\rest-assured-common-3.0.6.jar;C:\Users\Medrano\.m2\repository\org\apache\tapestry\tapestry-webresources\5.4.3\tapestry-webresources-5.4.3.jar;C:\Users\Medrano\.m2\repository\com\github\sommeri\less4j\1.12.0\less4j-1.12.0.jar;C:\Users\Medrano\.m2\repository\commons-io\commons-io\2.3\commons-io-2.3.jar;C:\Users\Medrano\.m2\repository\commons-beanutils\commons-beanutils\1.8.3\commons-beanutils-1.8.3.jar;C:\Users\Medrano\.m2\repository\org\json\json\20090211\json-20090211.jar;C:\Users\Medrano\.m2\repository\com\google\protobuf\protobuf-java\2.5.0\protobuf-java-2.5.0.jar;C:\Users\Medrano\.m2\repository\com\google\javascript\closure-compiler\v20131014\closure-compiler-v20131014.jar;C:\Users\Medrano\.m2\repository\args4j\args4j\2.0.16\args4j-2.0.16.jar;C:\Users\Medrano\.m2\repository\com\google\guava\guava\15.0\guava-15.0.jar;C:\Users\Medrano\.m2\repository\com\google\code\findbugs\jsr305\1.3.9\jsr305-1.3.9.jar;C:\Users\Medrano\.m2\repository\org\mozilla\rhino\1.7.7.1\rhino-1.7.7.1.jar;C:\Users\Medrano\.m2\repository\javax\xml\bind\jaxb-api\2.2.8\jaxb-api-2.2.8.jar;C:\Users\Medrano\.m2\repository\org\testng\testng\6.13.1\testng-6.13.1.jar;C:\Users\Medrano\.m2\repository\com\beust\jcommander\1.72\jcommander-1.72.jar;C:\Users\Medrano\.m2\repository\org\apache\tapestry\tapestry-test\5.4.3\tapestry-test-5.4.3.jar;C:\Users\Medrano\.m2\repository\org\apache\tapestry\tapestry-test-data\5.4.3\tapestry-test-data-5.4.3.jar;C:\Users\Medrano\.m2\repository\org\apache\tapestry\tapestry-runner\5.4.3\tapestry-runner-5.4.3.jar;C:\Users\Medrano\.m2\repository\org\apache\tapestry\tapestry-test-constants\5.4.3\tapestry-test-constants-5.4.3.jar;C:\Users\Medrano\.m2\repository\org\eclipse\jetty\jetty-server\7.6.11.v20130520\jetty-server-7.6.11.v20130520.jar;C:\Users\Medrano\.m2\repository\org\eclipse\jetty\orbit\javax.servlet\2.5.0.v201103041518\javax.servlet-2.5.0.v201103041518.jar;C:\Users\Medrano\.m2\repository\org\eclipse\jetty\jetty-continuation\7.6.11.v20130520\jetty-continuation-7.6.11.v20130520.jar;C:\Users\Medrano\.m2\repository\org\eclipse\jetty\jetty-http\7.6.11.v20130520\jetty-http-7.6.11.v20130520.jar;C:\Users\Medrano\.m2\repository\org\eclipse\jetty\jetty-io\7.6.11.v20130520\jetty-io-7.6.11.v20130520.jar;C:\Users\Medrano\.m2\repository\org\eclipse\jetty\jetty-jndi\7.6.11.v20130520\jetty-jndi-7.6.11.v20130520.jar;C:\Users\Medrano\.m2\repository\org\eclipse\jetty\orbit\javax.mail.glassfish\1.4.1.v201005082020\javax.mail.glassfish-1.4.1.v201005082020.jar;C:\Users\Medrano\.m2\repository\org\eclipse\jetty\orbit\javax.activation\1.1.0.v201105071233\javax.activation-1.1.0.v201105071233.jar;C:\Users\Medrano\.m2\repository\org\eclipse\jetty\jetty-plus\7.6.11.v20130520\jetty-plus-7.6.11.v20130520.jar;C:\Users\Medrano\.m2\repository\org\eclipse\jetty\orbit\javax.transaction\1.1.1.v201105210645\javax.transaction-1.1.1.v201105210645.jar;C:\Users\Medrano\.m2\repository\org\eclipse\jetty\jetty-webapp\7.6.11.v20130520\jetty-webapp-7.6.11.v20130520.jar;C:\Users\Medrano\.m2\repository\org\eclipse\jetty\jetty-xml\7.6.11.v20130520\jetty-xml-7.6.11.v20130520.jar;C:\Users\Medrano\.m2\repository\org\eclipse\jetty\jetty-util\7.6.11.v20130520\jetty-util-7.6.11.v20130520.jar;C:\Users\Medrano\.m2\repository\org\eclipse\jetty\jetty-servlet\7.6.11.v20130520\jetty-servlet-7.6.11.v20130520.jar;C:\Users\Medrano\.m2\repository\org\eclipse\jetty\jetty-security\7.6.11.v20130520\jetty-security-7.6.11.v20130520.jar;C:\Users\Medrano\.m2\repository\org\apache\tomcat\catalina\6.0.30\catalina-6.0.30.jar;C:\Users\Medrano\.m2\repository\org\apache\tomcat\servlet-api\6.0.30\servlet-api-6.0.30.jar;C:\Users\Medrano\.m2\repository\org\apache\tomcat\juli\6.0.30\juli-6.0.30.jar;C:\Users\Medrano\.m2\repository\org\apache\tomcat\annotations-api\6.0.30\annotations-api-6.0.30.jar;C:\Users\Medrano\.m2\repository\org\apache\tomcat\coyote\6.0.30\coyote-6.0.30.jar;C:\Users\Medrano\.m2\repository\org\apache\tomcat\dbcp\6.0.30\dbcp-6.0.30.jar;C:\Users\Medrano\.m2\repository\commons-cli\commons-cli\1.2\commons-cli-1.2.jar;C:\Users\Medrano\.m2\repository\org\seleniumhq\selenium\selenium-java\2.46.0\selenium-java-2.46.0.jar;C:\Users\Medrano\.m2\repository\org\seleniumhq\selenium\selenium-chrome-driver\2.46.0\selenium-chrome-driver-2.46.0.jar;C:\Users\Medrano\.m2\repository\org\seleniumhq\selenium\selenium-remote-driver\2.46.0\selenium-remote-driver-2.46.0.jar;C:\Users\Medrano\.m2\repository\cglib\cglib-nodep\2.1_3\cglib-nodep-2.1_3.jar;C:\Users\Medrano\.m2\repository\com\google\code\gson\gson\2.3.1\gson-2.3.1.jar;C:\Users\Medrano\.m2\repository\org\seleniumhq\selenium\selenium-api\2.46.0\selenium-api-2.46.0.jar;C:\Users\Medrano\.m2\repository\org\seleniumhq\selenium\selenium-htmlunit-driver\2.46.0\selenium-htmlunit-driver-2.46.0.jar;C:\Users\Medrano\.m2\repository\net\sourceforge\htmlunit\htmlunit\2.17\htmlunit-2.17.jar;C:\Users\Medrano\.m2\repository\xalan\xalan\2.7.2\xalan-2.7.2.jar;C:\Users\Medrano\.m2\repository\xalan\serializer\2.7.2\serializer-2.7.2.jar;C:\Users\Medrano\.m2\repository\commons-collections\commons-collections\3.2.1\commons-collections-3.2.1.jar;C:\Users\Medrano\.m2\repository\net\sourceforge\htmlunit\htmlunit-core-js\2.17\htmlunit-core-js-2.17.jar;C:\Users\Medrano\.m2\repository\xerces\xercesImpl\2.11.0\xercesImpl-2.11.0.jar;C:\Users\Medrano\.m2\repository\xml-apis\xml-apis\1.4.01\xml-apis-1.4.01.jar;C:\Users\Medrano\.m2\repository\net\sourceforge\nekohtml\nekohtml\1.9.22\nekohtml-1.9.22.jar;C:\Users\Medrano\.m2\repository\net\sourceforge\cssparser\cssparser\0.9.16\cssparser-0.9.16.jar;C:\Users\Medrano\.m2\repository\org\w3c\css\sac\1.3\sac-1.3.jar;C:\Users\Medrano\.m2\repository\org\eclipse\jetty\websocket\websocket-client\9.2.11.v20150529\websocket-client-9.2.11.v20150529.jar;C:\Users\Medrano\.m2\repository\org\eclipse\jetty\websocket\websocket-common\9.2.11.v20150529\websocket-common-9.2.11.v20150529.jar;C:\Users\Medrano\.m2\repository\org\eclipse\jetty\websocket\websocket-api\9.2.11.v20150529\websocket-api-9.2.11.v20150529.jar;C:\Users\Medrano\.m2\repository\org\seleniumhq\selenium\selenium-firefox-driver\2.46.0\selenium-firefox-driver-2.46.0.jar;C:\Users\Medrano\.m2\repository\org\apache\commons\commons-exec\1.3\commons-exec-1.3.jar;C:\Users\Medrano\.m2\repository\org\seleniumhq\selenium\selenium-ie-driver\2.46.0\selenium-ie-driver-2.46.0.jar;C:\Users\Medrano\.m2\repository\net\java\dev\jna\jna\4.1.0\jna-4.1.0.jar;C:\Users\Medrano\.m2\repository\net\java\dev\jna\jna-platform\4.1.0\jna-platform-4.1.0.jar;C:\Users\Medrano\.m2\repository\org\seleniumhq\selenium\selenium-safari-driver\2.46.0\selenium-safari-driver-2.46.0.jar;C:\Users\Medrano\.m2\repository\org\seleniumhq\selenium\selenium-support\2.46.0\selenium-support-2.46.0.jar;C:\Users\Medrano\.m2\repository\org\webbitserver\webbit\0.4.14\webbit-0.4.14.jar;C:\Users\Medrano\.m2\repository\io\netty\netty\3.5.2.Final\netty-3.5.2.Final.jar;C:\Users\Medrano\.m2\repository\org\seleniumhq\selenium\selenium-leg-rc\2.46.0\selenium-leg-rc-2.46.0.jar;C:\Users\Medrano\.m2\repository\org\seleniumhq\selenium\selenium-server\2.46.0\selenium-server-2.46.0.jar;C:\Users\Medrano\.m2\repository\org\bouncycastle\bcprov-jdk15on\1.48\bcprov-jdk15on-1.48.jar;C:\Users\Medrano\.m2\repository\org\bouncycastle\bcpkix-jdk15on\1.48\bcpkix-jdk15on-1.48.jar;C:\Users\Medrano\.m2\repository\mx4j\mx4j-tools\3.0.1\mx4j-tools-3.0.1.jar;C:\Users\Medrano\.m2\repository\org\mortbay\jetty\servlet-api-2.5\6.1.9\servlet-api-2.5-6.1.9.jar;C:\Users\Medrano\.m2\repository\org\seleniumhq\selenium\jetty-repacked\7.6.1\jetty-repacked-7.6.1.jar;C:\Users\Medrano\.m2\repository\org\seleniumhq\selenium\jetty-rc-repacked\5\jetty-rc-repacked-5.jar;C:\Users\Medrano\.m2\repository\net\jcip\jcip-annotations\1.0\jcip-annotations-1.0.jar;C:\Users\Medrano\.m2\repository\org\yaml\snakeyaml\1.8\snakeyaml-1.8.jar;C:\Users\Medrano\.m2\repository\org\easymock\easymock\3.3.1\easymock-3.3.1.jar;C:\Users\Medrano\.m2\repository\cglib\cglib\3.1\cglib-3.1.jar;C:\Users\Medrano\.m2\repository\org\ow2\asm\asm\5.0.3\asm-5.0.3.jar;C:\Users\Medrano\.m2\repository\org\objenesis\objenesis\2.1\objenesis-2.1.jar;C:\Users\Medrano\.m2\repository\javax\servlet\servlet-api\2.5\servlet-api-2.5.jar;C:\Users\Medrano\.m2\repository\org\apache\tapestry\tapestry-javadoc\5.4.3\tapestry-javadoc-5.4.3.jar;C:\Users\Medrano\.m2\repository\commons-lang\commons-lang\2.6\commons-lang-2.6.jar;C:\Users\Medrano\.m2\repository\org\apache\maven\surefire\surefire-testng-utils\2.20.1\surefire-testng-utils-2.20.1.jar;C:\Users\Medrano\.m2\repository\org\apache\maven\surefire\surefire-grouper\2.20.1\surefire-grouper-2.20.1.jar;"/>
    <property name="sun.cpu.endian" value="little"/>
    <property name="user.home" value="C:\Users\Medrano"/>
    <property name="user.language" value="en"/>
    <property name="java.specification.vendor" value="Oracle Corporation"/>
    <property name="java.home" value="C:\Program Files\Java\jdk1.8.0_101\jre"/>
    <property name="basedir" value="C:\Users\Medrano\IdeaProjects\QAEngineerRESTAPISUT"/>
    <property name="file.separator" value="\"/>
    <property name="line.separator" value="&#10;"/>
    <property name="java.vm.specification.vendor" value="Oracle Corporation"/>
    <property name="java.specification.name" value="Java Platform API Specification"/>
    <property name="java.awt.graphicsenv" value="sun.awt.Win32GraphicsEnvironment"/>
    <property name="surefire.real.class.path" value="C:\Users\Medrano\AppData\Local\Temp\surefire6714595807962715201\surefirebooter4267655524431166378.jar"/>
    <property name="sun.boot.class.path" value="C:\Program Files\Java\jdk1.8.0_101\jre\lib\resources.jar;C:\Program Files\Java\jdk1.8.0_101\jre\lib\rt.jar;C:\Program Files\Java\jdk1.8.0_101\jre\lib\sunrsasign.jar;C:\Program Files\Java\jdk1.8.0_101\jre\lib\jsse.jar;C:\Program Files\Java\jdk1.8.0_101\jre\lib\jce.jar;C:\Program Files\Java\jdk1.8.0_101\jre\lib\charsets.jar;C:\Program Files\Java\jdk1.8.0_101\jre\lib\jfr.jar;C:\Program Files\Java\jdk1.8.0_101\jre\classes"/>
    <property name="user.script" value=""/>
    <property name="sun.management.compiler" value="HotSpot 64-Bit Tiered Compilers"/>
    <property name="java.runtime.version" value="1.8.0_101-b13"/>
    <property name="user.name" value="Medrano"/>
    <property name="path.separator" value=";"/>
    <property name="os.version" value="6.3"/>
    <property name="java.endorsed.dirs" value="C:\Program Files\Java\jdk1.8.0_101\jre\lib\endorsed"/>
    <property name="java.runtime.name" value="Java(TM) SE Runtime Environment"/>
    <property name="file.encoding" value="Cp1252"/>
    <property name="java.vm.name" value="Java HotSpot(TM) 64-Bit Server VM"/>
    <property name="localRepository" value="C:\Users\Medrano\.m2\repository"/>
    <property name="java.vendor.url.bug" value="http://bugreport.sun.com/bugreport/"/>
    <property name="java.io.tmpdir" value="C:\Users\Medrano\AppData\Local\Temp\"/>
    <property name="java.version" value="1.8.0_101"/>
    <property name="user.dir" value="C:\Users\Medrano\IdeaProjects\QAEngineerRESTAPISUT"/>
    <property name="os.arch" value="amd64"/>
    <property name="java.vm.specification.name" value="Java Virtual Machine Specification"/>
    <property name="java.awt.printerjob" value="sun.awt.windows.WPrinterJob"/>
    <property name="sun.os.patch.level" value=""/>
    <property name="java.library.path" value="C:\Program Files\Java\jdk1.8.0_101\jre\bin;C:\WINDOWS\Sun\Java\bin;C:\WINDOWS\system32;C:\WINDOWS;C:\ProgramData\Oracle\Java\javapath;C:\WINDOWS\system32;C:\WINDOWS;C:\WINDOWS\System32\Wbem;C:\WINDOWS\System32\WindowsPowerShell\v1.0\;C:\Program Files (x86)\Microsoft SQL Server\Client SDK\ODBC\110\Tools\Binn\;C:\Program Files (x86)\Microsoft SQL Server\120\Tools\Binn\ManagementStudio\;C:\Program Files\Apache\Maven\bin;C:\Program Files (x86)\Microsoft SQL Server\120\Tools\Binn\;C:\Program Files (x86)\Microsoft SQL Server\120\DTS\Binn\;C:\Program Files\Git\cmd;C:\Program Files (x86)\Skype\Phone\;C:\WINDOWS\system32\config\systemprofile\.dnx\bin;C:\Program Files\Microsoft DNX\Dnvm\;C:\Program Files\Microsoft SQL Server\130\Tools\Binn\;C:\Go\bin;."/>
    <property name="java.vm.info" value="mixed mode"/>
    <property name="java.vendor" value="Oracle Corporation"/>
    <property name="java.vm.version" value="25.101-b13"/>
    <property name="java.ext.dirs" value="C:\Program Files\Java\jdk1.8.0_101\jre\lib\ext;C:\WINDOWS\Sun\Java\lib\ext"/>
    <property name="sun.io.unicode.encoding" value="UnicodeLittle"/>
    <property name="java.class.version" value="52.0"/>
  </properties>
  <testcase name="validateGender" classname="TestCases.FirstTestCase" time="4.352"/>
  <testcase name="validateGender" classname="TestCases.SecondTestCase" time="2.015"/>
  <testcase name="validateGender" classname="TestCases.ThirdTestCase" time="1.422"/>
</testsuite>