<?xml version="1.0" encoding="UTF-8"?>
<!-- Generated by org.testng.reporters.JUnitReportReporter -->
<testsuite skipped="0" hostname="Medrano-PC" name="TestCases.SecondTestCase" tests="1" failures="0" timestamp="09 Jan 2018 04:44:51 GMT" time="2.030" errors="0">
  <testcase name="validateGender" time="2.030" classname="TestCases.SecondTestCase"/>
</testsuite> <!-- TestCases.SecondTestCase -->
